2023-10-30 18:32:42.301 [main] INFO  org.example.Main - START OP: Add
2023-10-30 18:32:42.301 [main] INFO  org.example.Main - END OP: Add
2023-10-30 18:32:42.302 [main] INFO  org.example.Main - START OP: Div
2023-10-30 18:32:42.302 [main] INFO  org.example.Main - END OP: Div
2023-10-30 18:32:42.302 [main] INFO  org.example.Main - START OP: Div
2023-10-30 18:32:42.302 [main] INFO  org.example.Main - END OP: Div
2023-10-30 18:32:42.303 [main] INFO  org.example.Main - START OP: Sub
2023-10-30 18:32:42.303 [main] INFO  org.example.Main - END OP: Sub
2023-10-30 18:32:42.303 [main] INFO  org.example.Main - START OP: Sub
2023-10-30 18:32:42.303 [main] INFO  org.example.Main - END OP: Sub
2023-10-30 18:32:42.303 [main] INFO  org.example.Main - START OP: Mul
2023-10-30 18:32:42.303 [main] INFO  org.example.Main - END OP: Mul
2023-10-30 18:32:42.303 [main] INFO  org.example.Main - START OP: Mul
2023-10-30 18:32:42.303 [main] INFO  org.example.Main - END OP: Mul
2023-10-30 18:32:42.303 [main] INFO  org.example.Main - START OP: Add
2023-10-30 18:32:42.304 [main] INFO  org.example.Main - END OP: Add
2023-10-31 10:48:16.829 [main] INFO  org.example.Main - START OP: Add
2023-10-31 10:48:16.829 [main] INFO  org.example.Main - END OP: Add
2023-10-31 10:48:16.830 [main] INFO  org.example.Main - START OP: Divide
2023-10-31 10:48:16.830 [main] INFO  org.example.Main - END OP: Divide
2023-10-31 10:48:16.830 [main] INFO  org.example.Main - START OP: Divide
2023-10-31 10:48:16.830 [main] INFO  org.example.Main - END OP: Divide
2023-10-31 10:48:16.830 [main] INFO  org.example.Main - START OP: Subtract
2023-10-31 10:48:16.830 [main] INFO  org.example.Main - END OP: Subtract
2023-10-31 10:48:16.830 [main] INFO  org.example.Main - START OP: Subtract
2023-10-31 10:48:16.830 [main] INFO  org.example.Main - END OP: Subtract
2023-10-31 10:48:16.831 [main] INFO  org.example.Main - START OP: Multiply
2023-10-31 10:48:16.831 [main] INFO  org.example.Main - END OP: Multiply
2023-10-31 10:48:16.831 [main] INFO  org.example.Main - START OP: Multiply
2023-10-31 10:48:16.831 [main] INFO  org.example.Main - END OP: Multiply
2023-10-31 10:48:16.831 [main] INFO  org.example.Main - START OP: Add
2023-10-31 10:48:16.831 [main] INFO  org.example.Main - END OP: Add
